2025-06-06 11:28:37,299 - orchestrator - INFO - CORR_ID:2c46f3e5-7501-4e16-8de0-415a236ad01c - Начало нового сеанса обработки конвейера. Correlation ID: 2c46f3e5-7501-4e16-8de0-415a236ad01c
2025-06-06 11:28:37,299 - orchestrator - INFO - CORR_ID:2c46f3e5-7501-4e16-8de0-415a236ad01c - Входной файл: /Volumes/Store1/Yandex.Disk.localized/www-yandex/Cursor/docx-correct/textinput/uploaded_20250606_112836.docx
2025-06-06 11:28:37,299 - orchestrator - INFO - CORR_ID:2c46f3e5-7501-4e16-8de0-415a236ad01c - Запуск этапа: DocxToHtmlConversion
2025-06-06 11:28:37,300 - src.pipeline.docx_to_html_converter - INFO - CORR_ID:2c46f3e5-7501-4e16-8de0-415a236ad01c - Начало конвертации DOCX в HTML: /Volumes/Store1/Yandex.Disk.localized/www-yandex/Cursor/docx-correct/textinput/uploaded_20250606_112836.docx
2025-06-06 11:28:37,411 - src.pipeline.docx_to_html_converter - INFO - CORR_ID:2c46f3e5-7501-4e16-8de0-415a236ad01c - Файл успешно сконвертирован в HTML: /Volumes/Store1/Yandex.Disk.localized/www-yandex/Cursor/docx-correct/workspace/processing/2c46f3e5-7501-4e16-8de0-415a236ad01c/DocxToHtmlConversion/ZOIL Moskva maiskaya-Alisa Semina_final.html
2025-06-06 11:28:37,412 - orchestrator - INFO - CORR_ID:2c46f3e5-7501-4e16-8de0-415a236ad01c - [DEBUG] После этапа DocxToHtmlConversion: output_from_stage1=/Volumes/Store1/Yandex.Disk.localized/www-yandex/Cursor/docx-correct/workspace/processing/2c46f3e5-7501-4e16-8de0-415a236ad01c/DocxToHtmlConversion/ZOIL Moskva maiskaya-Alisa Semina_final.html
2025-06-06 11:28:37,412 - orchestrator - INFO - CORR_ID:2c46f3e5-7501-4e16-8de0-415a236ad01c - [DEBUG] Содержимое директории /Volumes/Store1/Yandex.Disk.localized/www-yandex/Cursor/docx-correct/workspace/processing/2c46f3e5-7501-4e16-8de0-415a236ad01c/DocxToHtmlConversion: ['DocxToHtmlConversion_SUCCESS.json', 'ZOIL Moskva maiskaya-Alisa Semina_final.html']
2025-06-06 11:28:37,413 - orchestrator - INFO - CORR_ID:2c46f3e5-7501-4e16-8de0-415a236ad01c - Запуск этапа: TypografProcessorModule
2025-06-06 11:28:37,927 - orchestrator - INFO - CORR_ID:2c46f3e5-7501-4e16-8de0-415a236ad01c - Этап TypografProcessorModule успешно завершен. Результат: /Volumes/Store1/Yandex.Disk.localized/www-yandex/Cursor/docx-correct/workspace/processing/2c46f3e5-7501-4e16-8de0-415a236ad01c/TypografProcessorModule/ZOIL Moskva maiskaya-Alisa Semina_final_typograf.html
2025-06-06 11:28:37,928 - orchestrator - INFO - CORR_ID:2c46f3e5-7501-4e16-8de0-415a236ad01c - [DEBUG] После этапа TypografProcessorModule: output_from_stage2_html=/Volumes/Store1/Yandex.Disk.localized/www-yandex/Cursor/docx-correct/workspace/processing/2c46f3e5-7501-4e16-8de0-415a236ad01c/TypografProcessorModule/ZOIL Moskva maiskaya-Alisa Semina_final_typograf.html
2025-06-06 11:28:37,928 - orchestrator - INFO - CORR_ID:2c46f3e5-7501-4e16-8de0-415a236ad01c - [DEBUG] Содержимое директории /Volumes/Store1/Yandex.Disk.localized/www-yandex/Cursor/docx-correct/workspace/processing/2c46f3e5-7501-4e16-8de0-415a236ad01c/TypografProcessorModule: ['TypografProcessorModule_SUCCESS.json', 'ZOIL Moskva maiskaya-Alisa Semina_final_typograf.html']
2025-06-06 11:28:37,928 - orchestrator - INFO - CORR_ID:2c46f3e5-7501-4e16-8de0-415a236ad01c - Запуск этапа: LanguageToolProcessorModule
2025-06-06 11:29:00,966 - orchestrator - INFO - CORR_ID:2c46f3e5-7501-4e16-8de0-415a236ad01c - Этап LanguageToolProcessorModule успешно завершен. Отчет: /Volumes/Store1/Yandex.Disk.localized/www-yandex/Cursor/docx-correct/workspace/processing/2c46f3e5-7501-4e16-8de0-415a236ad01c/LanguageToolProcessorModule/ZOIL Moskva maiskaya-Alisa Semina_final_typograf_languagetool_report.json
2025-06-06 11:29:00,966 - orchestrator - INFO - CORR_ID:2c46f3e5-7501-4e16-8de0-415a236ad01c - [DEBUG] После этапа LanguageToolProcessorModule: output_from_stage3_report=/Volumes/Store1/Yandex.Disk.localized/www-yandex/Cursor/docx-correct/workspace/processing/2c46f3e5-7501-4e16-8de0-415a236ad01c/LanguageToolProcessorModule/ZOIL Moskva maiskaya-Alisa Semina_final_typograf_languagetool_report.json
2025-06-06 11:29:00,966 - orchestrator - INFO - CORR_ID:2c46f3e5-7501-4e16-8de0-415a236ad01c - [DEBUG] Содержимое директории /Volumes/Store1/Yandex.Disk.localized/www-yandex/Cursor/docx-correct/workspace/processing/2c46f3e5-7501-4e16-8de0-415a236ad01c/LanguageToolProcessorModule: ['LanguageToolProcessorModule_SUCCESS.json', 'ZOIL Moskva maiskaya-Alisa Semina_final_typograf_languagetool_report.json']
2025-06-06 11:29:00,966 - orchestrator - INFO - CORR_ID:2c46f3e5-7501-4e16-8de0-415a236ad01c - Запуск этапа: AutocorrectProcessorModule
2025-06-06 11:29:00,969 - orchestrator - INFO - CORR_ID:2c46f3e5-7501-4e16-8de0-415a236ad01c - Этап AutocorrectProcessorModule успешно завершен. Результат: /Volumes/Store1/Yandex.Disk.localized/www-yandex/Cursor/docx-correct/workspace/processing/2c46f3e5-7501-4e16-8de0-415a236ad01c/AutocorrectProcessorModule/ZOIL Moskva maiskaya-Alisa Semina_final_typograf_autocorrected.html
2025-06-06 11:29:01,086 - orchestrator - INFO - CORR_ID:2c46f3e5-7501-4e16-8de0-415a236ad01c - [DEBUG] После этапа AutocorrectProcessorModule: output_from_stage4_html=/Volumes/Store1/Yandex.Disk.localized/www-yandex/Cursor/docx-correct/workspace/processing/2c46f3e5-7501-4e16-8de0-415a236ad01c/AutocorrectProcessorModule/ZOIL Moskva maiskaya-Alisa Semina_final_typograf_autocorrected.html
2025-06-06 11:29:01,087 - orchestrator - INFO - CORR_ID:2c46f3e5-7501-4e16-8de0-415a236ad01c - [DEBUG] Содержимое директории /Volumes/Store1/Yandex.Disk.localized/www-yandex/Cursor/docx-correct/workspace/processing/2c46f3e5-7501-4e16-8de0-415a236ad01c/AutocorrectProcessorModule: ['AutocorrectProcessorModule_SUCCESS.json', 'ZOIL Moskva maiskaya-Alisa Semina_final_typograf.html.bak', 'ZOIL Moskva maiskaya-Alisa Semina_final_typograf.html.rejected_fixes.log', 'ZOIL Moskva maiskaya-Alisa Semina_final_typograf_autocorrected.html']
2025-06-06 11:29:01,087 - orchestrator - INFO - CORR_ID:2c46f3e5-7501-4e16-8de0-415a236ad01c - [DEBUG] OUTPUT_DIR создан или уже существует: /Volumes/Store1/Yandex.Disk.localized/www-yandex/Cursor/docx-correct/workspace/output
2025-06-06 11:29:01,087 - orchestrator - INFO - CORR_ID:2c46f3e5-7501-4e16-8de0-415a236ad01c - [DEBUG] Права на OUTPUT_DIR: 0o40755
2025-06-06 11:29:01,087 - orchestrator - INFO - CORR_ID:2c46f3e5-7501-4e16-8de0-415a236ad01c - [DEBUG] Тестовый файл успешно создан: /Volumes/Store1/Yandex.Disk.localized/www-yandex/Cursor/docx-correct/workspace/output/test_output_file.txt
2025-06-06 11:29:01,087 - orchestrator - INFO - CORR_ID:2c46f3e5-7501-4e16-8de0-415a236ad01c - [DEBUG] Исходное базовое имя: ZOIL Moskva maiskaya-Alisa Semina | Транслитерированное: ZOIL Moskva maiskaya-Alisa Semina
2025-06-06 11:29:01,087 - orchestrator - INFO - CORR_ID:2c46f3e5-7501-4e16-8de0-415a236ad01c - [DEBUG] Ожидаемое итоговое имя HTML: ZOIL Moskva maiskaya-Alisa Semina_final.html
2025-06-06 11:29:01,087 - orchestrator - INFO - CORR_ID:2c46f3e5-7501-4e16-8de0-415a236ad01c - [DEBUG] Ожидаемое итоговое имя DOCX: ZOIL Moskva maiskaya-Alisa Semina_final.docx
2025-06-06 11:29:01,088 - orchestrator - INFO - CORR_ID:2c46f3e5-7501-4e16-8de0-415a236ad01c - Итоговый HTML файл сохранен в: /Volumes/Store1/Yandex.Disk.localized/www-yandex/Cursor/docx-correct/workspace/output/ZOIL Moskva maiskaya-Alisa Semina_final.html
2025-06-06 11:29:01,088 - orchestrator - INFO - CORR_ID:2c46f3e5-7501-4e16-8de0-415a236ad01c - [DEBUG] Содержимое OUTPUT_DIR после копирования HTML: ['test_output_file.txt', 'ZOIL Moskva maiskaya-Alisa Semina_final.html']
2025-06-06 11:29:01,182 - orchestrator - INFO - CORR_ID:2c46f3e5-7501-4e16-8de0-415a236ad01c - Итоговый DOCX файл сохранен в: /Volumes/Store1/Yandex.Disk.localized/www-yandex/Cursor/docx-correct/workspace/output/ZOIL Moskva maiskaya-Alisa Semina_final.docx
2025-06-06 11:29:01,183 - orchestrator - INFO - CORR_ID:2c46f3e5-7501-4e16-8de0-415a236ad01c - [DEBUG] Содержимое OUTPUT_DIR после DOCX: ['HtmlToDocxProcessorModule_SUCCESS.json', 'test_output_file.txt', 'ZOIL Moskva maiskaya-Alisa Semina_final.docx', 'ZOIL Moskva maiskaya-Alisa Semina_final.html']
2025-06-06 11:29:01,183 - orchestrator - INFO - CORR_ID:2c46f3e5-7501-4e16-8de0-415a236ad01c - Pipeline завершён успешно. Статус сохранён: /Volumes/Store1/Yandex.Disk.localized/www-yandex/Cursor/docx-correct/workspace/processing/2c46f3e5-7501-4e16-8de0-415a236ad01c/pipeline_status.json
2025-06-06 11:29:01,183 - orchestrator - INFO - CORR_ID:2c46f3e5-7501-4e16-8de0-415a236ad01c - [DEBUG] Содержимое OUTPUT_DIR в finally: ['HtmlToDocxProcessorModule_SUCCESS.json', 'test_output_file.txt', 'ZOIL Moskva maiskaya-Alisa Semina_final.docx', 'ZOIL Moskva maiskaya-Alisa Semina_final.html']
2025-06-06 11:29:01,183 - orchestrator - INFO - CORR_ID:2c46f3e5-7501-4e16-8de0-415a236ad01c - [DEBUG] Пайплайн завершён (finally)
