2025-06-06 10:38:31,033 - orchestrator - INFO - CORR_ID:61aed937-a00d-40ce-b8fb-cc558033d146 - Начало нового сеанса обработки конвейера. Correlation ID: 61aed937-a00d-40ce-b8fb-cc558033d146
2025-06-06 10:38:31,033 - orchestrator - INFO - CORR_ID:61aed937-a00d-40ce-b8fb-cc558033d146 - Входной файл: /Volumes/Store1/Yandex.Disk.localized/www-yandex/Cursor/docx-correct/textinput/docx
2025-06-06 10:38:31,034 - orchestrator - INFO - CORR_ID:61aed937-a00d-40ce-b8fb-cc558033d146 - Запуск этапа: DocxToHtmlConversion
2025-06-06 10:38:31,034 - src.pipeline.docx_to_html_converter - INFO - CORR_ID:61aed937-a00d-40ce-b8fb-cc558033d146 - Начало конвертации DOCX в HTML: /Volumes/Store1/Yandex.Disk.localized/www-yandex/Cursor/docx-correct/textinput/docx
2025-06-06 10:38:31,168 - src.pipeline.docx_to_html_converter - INFO - CORR_ID:61aed937-a00d-40ce-b8fb-cc558033d146 - Файл успешно сконвертирован в HTML: /Volumes/Store1/Yandex.Disk.localized/www-yandex/Cursor/docx-correct/workspace/processing/61aed937-a00d-40ce-b8fb-cc558033d146/DocxToHtmlConversion/Proza Alamanov_podborka_yunost_final.html
2025-06-06 10:38:31,169 - orchestrator - INFO - CORR_ID:61aed937-a00d-40ce-b8fb-cc558033d146 - [DEBUG] После этапа DocxToHtmlConversion: output_from_stage1=/Volumes/Store1/Yandex.Disk.localized/www-yandex/Cursor/docx-correct/workspace/processing/61aed937-a00d-40ce-b8fb-cc558033d146/DocxToHtmlConversion/Proza Alamanov_podborka_yunost_final.html
2025-06-06 10:38:31,170 - orchestrator - INFO - CORR_ID:61aed937-a00d-40ce-b8fb-cc558033d146 - [DEBUG] Содержимое директории /Volumes/Store1/Yandex.Disk.localized/www-yandex/Cursor/docx-correct/workspace/processing/61aed937-a00d-40ce-b8fb-cc558033d146/DocxToHtmlConversion: ['DocxToHtmlConversion_SUCCESS.json', 'Proza Alamanov_podborka_yunost_final.html']
2025-06-06 10:38:31,170 - orchestrator - INFO - CORR_ID:61aed937-a00d-40ce-b8fb-cc558033d146 - Запуск этапа: TypografProcessorModule
2025-06-06 10:38:31,710 - orchestrator - INFO - CORR_ID:61aed937-a00d-40ce-b8fb-cc558033d146 - Этап TypografProcessorModule успешно завершен. Результат: /Volumes/Store1/Yandex.Disk.localized/www-yandex/Cursor/docx-correct/workspace/processing/61aed937-a00d-40ce-b8fb-cc558033d146/TypografProcessorModule/Proza Alamanov_podborka_yunost_final_typograf.html
2025-06-06 10:38:31,711 - orchestrator - INFO - CORR_ID:61aed937-a00d-40ce-b8fb-cc558033d146 - [DEBUG] После этапа TypografProcessorModule: output_from_stage2_html=/Volumes/Store1/Yandex.Disk.localized/www-yandex/Cursor/docx-correct/workspace/processing/61aed937-a00d-40ce-b8fb-cc558033d146/TypografProcessorModule/Proza Alamanov_podborka_yunost_final_typograf.html
2025-06-06 10:38:31,711 - orchestrator - INFO - CORR_ID:61aed937-a00d-40ce-b8fb-cc558033d146 - [DEBUG] Содержимое директории /Volumes/Store1/Yandex.Disk.localized/www-yandex/Cursor/docx-correct/workspace/processing/61aed937-a00d-40ce-b8fb-cc558033d146/TypografProcessorModule: ['Proza Alamanov_podborka_yunost_final_typograf.html', 'TypografProcessorModule_SUCCESS.json']
2025-06-06 10:38:31,711 - orchestrator - INFO - CORR_ID:61aed937-a00d-40ce-b8fb-cc558033d146 - Запуск этапа: LanguageToolProcessorModule
2025-06-06 10:39:15,406 - orchestrator - INFO - CORR_ID:61aed937-a00d-40ce-b8fb-cc558033d146 - Этап LanguageToolProcessorModule успешно завершен. Отчет: /Volumes/Store1/Yandex.Disk.localized/www-yandex/Cursor/docx-correct/workspace/processing/61aed937-a00d-40ce-b8fb-cc558033d146/LanguageToolProcessorModule/Proza Alamanov_podborka_yunost_final_typograf_languagetool_report.json
2025-06-06 10:39:15,406 - orchestrator - INFO - CORR_ID:61aed937-a00d-40ce-b8fb-cc558033d146 - [DEBUG] После этапа LanguageToolProcessorModule: output_from_stage3_report=/Volumes/Store1/Yandex.Disk.localized/www-yandex/Cursor/docx-correct/workspace/processing/61aed937-a00d-40ce-b8fb-cc558033d146/LanguageToolProcessorModule/Proza Alamanov_podborka_yunost_final_typograf_languagetool_report.json
2025-06-06 10:39:15,406 - orchestrator - INFO - CORR_ID:61aed937-a00d-40ce-b8fb-cc558033d146 - [DEBUG] Содержимое директории /Volumes/Store1/Yandex.Disk.localized/www-yandex/Cursor/docx-correct/workspace/processing/61aed937-a00d-40ce-b8fb-cc558033d146/LanguageToolProcessorModule: ['LanguageToolProcessorModule_SUCCESS.json', 'Proza Alamanov_podborka_yunost_final_typograf_languagetool_report.json']
2025-06-06 10:39:15,406 - orchestrator - INFO - CORR_ID:61aed937-a00d-40ce-b8fb-cc558033d146 - Запуск этапа: AutocorrectProcessorModule
2025-06-06 10:39:15,409 - orchestrator - INFO - CORR_ID:61aed937-a00d-40ce-b8fb-cc558033d146 - Этап AutocorrectProcessorModule успешно завершен. Результат: /Volumes/Store1/Yandex.Disk.localized/www-yandex/Cursor/docx-correct/workspace/processing/61aed937-a00d-40ce-b8fb-cc558033d146/AutocorrectProcessorModule/Proza Alamanov_podborka_yunost_final_typograf_autocorrected.html
2025-06-06 10:39:15,410 - orchestrator - INFO - CORR_ID:61aed937-a00d-40ce-b8fb-cc558033d146 - [DEBUG] После этапа AutocorrectProcessorModule: output_from_stage4_html=/Volumes/Store1/Yandex.Disk.localized/www-yandex/Cursor/docx-correct/workspace/processing/61aed937-a00d-40ce-b8fb-cc558033d146/AutocorrectProcessorModule/Proza Alamanov_podborka_yunost_final_typograf_autocorrected.html
2025-06-06 10:39:15,410 - orchestrator - INFO - CORR_ID:61aed937-a00d-40ce-b8fb-cc558033d146 - [DEBUG] Содержимое директории /Volumes/Store1/Yandex.Disk.localized/www-yandex/Cursor/docx-correct/workspace/processing/61aed937-a00d-40ce-b8fb-cc558033d146/AutocorrectProcessorModule: ['AutocorrectProcessorModule_SUCCESS.json', 'Proza Alamanov_podborka_yunost_final_typograf.html.bak', 'Proza Alamanov_podborka_yunost_final_typograf.html.rejected_fixes.log', 'Proza Alamanov_podborka_yunost_final_typograf_autocorrected.html']
2025-06-06 10:39:15,410 - orchestrator - INFO - CORR_ID:61aed937-a00d-40ce-b8fb-cc558033d146 - [DEBUG] OUTPUT_DIR создан или уже существует: /Volumes/Store1/Yandex.Disk.localized/www-yandex/Cursor/docx-correct/workspace/output
2025-06-06 10:39:15,410 - orchestrator - INFO - CORR_ID:61aed937-a00d-40ce-b8fb-cc558033d146 - [DEBUG] Права на OUTPUT_DIR: 0o40755
2025-06-06 10:39:15,410 - orchestrator - INFO - CORR_ID:61aed937-a00d-40ce-b8fb-cc558033d146 - [DEBUG] Тестовый файл успешно создан: /Volumes/Store1/Yandex.Disk.localized/www-yandex/Cursor/docx-correct/workspace/output/test_output_file.txt
2025-06-06 10:39:15,410 - orchestrator - INFO - CORR_ID:61aed937-a00d-40ce-b8fb-cc558033d146 - [DEBUG] Исходное базовое имя: Proza Alamanov_podborka_yunost | Транслитерированное: Proza Alamanov_podborka_yunost
2025-06-06 10:39:15,410 - orchestrator - INFO - CORR_ID:61aed937-a00d-40ce-b8fb-cc558033d146 - [DEBUG] Ожидаемое итоговое имя HTML: Proza Alamanov_podborka_yunost_final.html
2025-06-06 10:39:15,410 - orchestrator - INFO - CORR_ID:61aed937-a00d-40ce-b8fb-cc558033d146 - [DEBUG] Ожидаемое итоговое имя DOCX: Proza Alamanov_podborka_yunost_final.docx
2025-06-06 10:39:15,411 - orchestrator - INFO - CORR_ID:61aed937-a00d-40ce-b8fb-cc558033d146 - Итоговый HTML файл сохранен в: /Volumes/Store1/Yandex.Disk.localized/www-yandex/Cursor/docx-correct/workspace/output/Proza Alamanov_podborka_yunost_final.html
2025-06-06 10:39:15,411 - orchestrator - INFO - CORR_ID:61aed937-a00d-40ce-b8fb-cc558033d146 - [DEBUG] Содержимое OUTPUT_DIR после копирования HTML: ['Proza Alamanov_podborka_yunost_final.html', 'test_output_file.txt']
2025-06-06 10:39:15,531 - orchestrator - INFO - CORR_ID:61aed937-a00d-40ce-b8fb-cc558033d146 - Итоговый DOCX файл сохранен в: /Volumes/Store1/Yandex.Disk.localized/www-yandex/Cursor/docx-correct/workspace/output/Proza Alamanov_podborka_yunost_final.docx
2025-06-06 10:39:15,531 - orchestrator - INFO - CORR_ID:61aed937-a00d-40ce-b8fb-cc558033d146 - [DEBUG] Содержимое OUTPUT_DIR после DOCX: ['HtmlToDocxProcessorModule_SUCCESS.json', 'Proza Alamanov_podborka_yunost_final.docx', 'Proza Alamanov_podborka_yunost_final.html', 'test_output_file.txt']
2025-06-06 10:39:15,532 - orchestrator - INFO - CORR_ID:61aed937-a00d-40ce-b8fb-cc558033d146 - Pipeline завершён успешно. Статус сохранён: /Volumes/Store1/Yandex.Disk.localized/www-yandex/Cursor/docx-correct/workspace/processing/61aed937-a00d-40ce-b8fb-cc558033d146/pipeline_status.json
2025-06-06 10:39:15,532 - orchestrator - INFO - CORR_ID:61aed937-a00d-40ce-b8fb-cc558033d146 - [DEBUG] Содержимое OUTPUT_DIR в finally: ['HtmlToDocxProcessorModule_SUCCESS.json', 'Proza Alamanov_podborka_yunost_final.docx', 'Proza Alamanov_podborka_yunost_final.html', 'test_output_file.txt']
2025-06-06 10:39:15,532 - orchestrator - INFO - CORR_ID:61aed937-a00d-40ce-b8fb-cc558033d146 - [DEBUG] Пайплайн завершён (finally)
