
===LANGTOOL_DEBUG===
correlation_id: 61aed937-a00d-40ce-b8fb-cc558033d146
tmp_txt_path: /var/folders/b1/tz4xq_h51qx8nb9hccg336zh0000gn/T/tmplg7tzf7v.txt
Кодировка: utf-8
Длина текста (символов): 10714
Первые 10 строк:
Рустем Аламанов
Подборка рассказов
Живу в Казахстане. Финансист по образованию, работаю
продакт-менеджером и коммерческим писателем в финансовых организациях.
Писать рассказы — моё хобби. Учусь на сценариста.
Пишу постмодернистские рассказы, построенные на абсурдных и ироничных
идеях. Герои рассказов — обычные люди, попавшие в необычные
обстоятельства, и рассказывающие о пережитом опыте. Их язык прост и
походит на разговорную речь. Они не видят ничего парадоксального даже в
самых необычных, фантастических и порой мистических событиях. Для них

===END_LANGTOOL_DEBUG===

===LANGTOOL_DEBUG===
correlation_id: 2c46f3e5-7501-4e16-8de0-415a236ad01c
tmp_txt_path: /var/folders/b1/tz4xq_h51qx8nb9hccg336zh0000gn/T/tmpa9jtirtr.txt
Кодировка: utf-8
Длина текста (символов): 7261
Первые 10 строк:
Алиса Семина
Студентка факультета журналистики НИУ ВШЭ. Родилась в Москве в 2006
году. Окончила музыкальную школу имени С. В. Рахманинова по классу гобоя
в 2021 году. Подкастер и автор текстов. Ведёт свой телеграм-канал, где
публикует обзоры кинофильмов и рецензии на книги. Журналистикой начала
заниматься в пресс-службе лицея МПГУ, где писала новости и брала свои
первые интервью. Увлекается видеомонтажом. Две главных страсти — музыка
и литература. В музыке отдаёт предпочтение группе «Аффинаж», а любимые
писатели — Джеймс Джойс и Алексей Поляринов.
Эдуард Лимонов. «Москва майская», роман. М.: «Альпина.Проза»,

===END_LANGTOOL_DEBUG===
